
Welcome to R!
 Joseph - you're so cool!
---------------

startup.R was loaded, providing the following functions:

[1] "cv"    "mypar" "rowCV" "s"     "se"   
* installing *source* package ‘metagenomeSeq’ ...
** R
** data
** inst
** preparing package for lazy loading
** help
*** installing help indices
** building package indices
** installing vignettes
   ‘metagenomeSeq.Rnw’ 
** testing if installed package can be loaded
*** arch - i386

Welcome to R!
 Joseph - you're so cool!
---------------

startup.R was loaded, providing the following functions:

[1] "cv"    "mypar" "rowCV" "s"     "se"   

   Goodbye!

*** arch - x86_64

Welcome to R!
 Joseph - you're so cool!
---------------

startup.R was loaded, providing the following functions:

[1] "cv"    "mypar" "rowCV" "s"     "se"   

   Goodbye!


* DONE (metagenomeSeq)

   Goodbye!

