Hmm ... looks like a package

This is pdfTeX, Version 3.1415926-2.4-1.40.13 (TeX Live 2012)
 restricted \write18 enabled.
entering extended mode

(/private/var/folders/0w/wby94xrj6b972l6lmm9_nxb00000gn/T/RtmpZFVJbb/Rd2pdf80ec
9b7b7a5/Rd2.tex
LaTeX2e <2011/06/27>
Babel <v3.8m> and hyphenation patterns for english, dumylang, nohyphenation, ge
rman-x-2012-05-30, ngerman-x-2012-05-30, afrikaans, ancientgreek, ibycus, arabi
c, armenian, basque, bulgarian, catalan, pinyin, coptic, croatian, czech, danis
h, dutch, ukenglish, usenglishmax, esperanto, estonian, ethiopic, farsi, finnis
h, french, friulan, galician, german, ngerman, swissgerman, monogreek, greek, h
ungarian, icelandic, assamese, bengali, gujarati, hindi, kannada, malayalam, ma
rathi, oriya, panjabi, tamil, telugu, indonesian, interlingua, irish, italian, 
kurmanji, latin, latvian, lithuanian, mongolian, mongolianlmc, bokmal, nynorsk,
 polish, portuguese, romanian, romansh, russian, sanskrit, serbian, serbianc, s
lovak, slovenian, spanish, swedish, turkish, turkmen, ukrainian, uppersorbian, 
welsh, loaded.

(/usr/local/texlive/2012/texmf-dist/tex/latex/base/book.cls
Document Class: book 2007/10/19 v1.4h Standard LaTeX document class
(/usr/local/texlive/2012/texmf-dist/tex/latex/base/bk10.clo))
(/Library/Frameworks/R.framework/Resources/share/texmf/tex/latex/Rd.sty
(/usr/local/texlive/2012/texmf-dist/tex/latex/base/ifthen.sty)
(/usr/local/texlive/2012/texmf-dist/tex/latex/tools/longtable.sty)
(/usr/local/texlive/2012/texmf-dist/tex/latex/tools/bm.sty)
(/usr/local/texlive/2012/texmf-dist/tex/latex/base/alltt.sty)
(/usr/local/texlive/2012/texmf-dist/tex/latex/tools/verbatim.sty)
(/usr/local/texlive/2012/texmf-dist/tex/latex/url/url.sty) NOT loading ae
(/usr/local/texlive/2012/texmf-dist/tex/latex/base/fontenc.sty
(/usr/local/texlive/2012/texmf-dist/tex/latex/base/t1enc.def))
(/usr/local/texlive/2012/texmf-dist/tex/latex/psnfss/times.sty)
NOT loading lmodern
(/usr/local/texlive/2012/texmf-dist/tex/latex/inconsolata/inconsolata.sty
(/usr/local/texlive/2012/texmf-dist/tex/latex/base/textcomp.sty
(/usr/local/texlive/2012/texmf-dist/tex/latex/base/ts1enc.def))
(/usr/local/texlive/2012/texmf-dist/tex/latex/graphics/keyval.sty))
(/usr/local/texlive/2012/texmf-dist/tex/latex/graphics/color.sty
(/usr/local/texlive/2012/texmf-dist/tex/latex/latexconfig/color.cfg)
(/usr/local/texlive/2012/texmf-dist/tex/latex/pdftex-def/pdftex.def
(/usr/local/texlive/2012/texmf-dist/tex/generic/oberdiek/infwarerr.sty)
(/usr/local/texlive/2012/texmf-dist/tex/generic/oberdiek/ltxcmds.sty)))
(/usr/local/texlive/2012/texmf-dist/tex/latex/hyperref/hyperref.sty
(/usr/local/texlive/2012/texmf-dist/tex/generic/oberdiek/hobsub-hyperref.sty
(/usr/local/texlive/2012/texmf-dist/tex/generic/oberdiek/hobsub-generic.sty))
(/usr/local/texlive/2012/texmf-dist/tex/generic/ifxetex/ifxetex.sty)
(/usr/local/texlive/2012/texmf-dist/tex/latex/oberdiek/kvoptions.sty)
(/usr/local/texlive/2012/texmf-dist/tex/latex/hyperref/pd1enc.def)
(/usr/local/texlive/2012/texmf-dist/tex/latex/latexconfig/hyperref.cfg))

Package hyperref Message: Driver (autodetected): hpdftex.

(/usr/local/texlive/2012/texmf-dist/tex/latex/hyperref/hpdftex.def
(/usr/local/texlive/2012/texmf-dist/tex/latex/oberdiek/rerunfilecheck.sty))

Package hyperref Warning: Option `hyperindex' has already been used,
(hyperref)                setting the option has no effect on input line 356.


Package hyperref Warning: Option `pagebackref' has already been used,
(hyperref)                setting the option has no effect on input line 356.

) (/usr/local/texlive/2012/texmf-dist/tex/latex/base/makeidx.sty)
(/usr/local/texlive/2012/texmf-dist/tex/latex/base/inputenc.sty
(/usr/local/texlive/2012/texmf-dist/tex/latex/base/utf8.def
(/usr/local/texlive/2012/texmf-dist/tex/latex/base/t1enc.dfu)
(/usr/local/texlive/2012/texmf-dist/tex/latex/base/ot1enc.dfu)
(/usr/local/texlive/2012/texmf-dist/tex/latex/base/omsenc.dfu)
(/usr/local/texlive/2012/texmf-dist/tex/latex/base/ts1enc.dfu))
(/usr/local/texlive/2012/texmf-dist/tex/latex/base/latin1.def))
Writing index file Rd2.idx
No file Rd2.aux.
(/usr/local/texlive/2012/texmf-dist/tex/latex/base/ts1cmr.fd)
(/usr/local/texlive/2012/texmf-dist/tex/latex/psnfss/t1ptm.fd)
(/usr/local/texlive/2012/texmf-dist/tex/context/base/supp-pdf.mkii
[Loading MPS to PDF converter (version 2006.09.02).]
) (/usr/local/texlive/2012/texmf-dist/tex/latex/hyperref/nameref.sty
(/usr/local/texlive/2012/texmf-dist/tex/generic/oberdiek/gettitlestring.sty))
(/usr/local/texlive/2012/texmf-dist/tex/latex/inconsolata/t1fi4.fd)
Overfull \hbox (1452.92416pt too wide) in paragraph at lines 38--39
\T1/ptm/m/n/10 'zigControl.R' 'cumNorm.R' 'plotOTU.R''fitZig.R' 'doCountMStep.R
' 'doZeroMStep.R''doEStep.R' 'getZ.R' 'getPi.R' 'getCountDensity.R''getNegative
LogLikelihoods.R' 'isItStillActive.R''getEpsilon.R' 'load_meta.R' 'load_phenoDa
ta.R''exportMat.R' 'exportStats.R' 'cumNormStat.R''plotGenus.R' 'aggregateM.R' 
'cumNormMat.R''load_metaQ.R' 'allClasses.R' 'MRtable.R''MRcoefs.R' 'plotMRheatm
ap.R' 'plotCorr.R''MRfisher.R' 'MRfulltable.R'  
(/usr/local/texlive/2012/texmf-dist/tex/latex/psnfss/t1phv.fd)
(/usr/local/texlive/2012/texmf-dist/tex/latex/base/utf8.def) [1{/usr/local/texl
ive/2012/texmf-var/fonts/map/pdftex/updmap/pdftex.map}]
(/usr/local/texlive/2012/texmf-dist/tex/latex/base/utf8.def)
(/usr/local/texlive/2012/texmf-dist/tex/latex/base/utf8.def) [2]
(/usr/local/texlive/2012/texmf-dist/tex/latex/base/utf8.def) [3]
(/usr/local/texlive/2012/texmf-dist/tex/latex/base/utf8.def)
Overfull \hbox (55.3563pt too wide) in paragraph at lines 225--237
\T1/ptm/m/n/10 ables. The den-sity is de-fined as $f_zig(y_ij = pi_j(S_j)*f_0(y
_ij) +(1-pi_j (S_j)) * f_count(y_ij;mu_i,sigma_i^2)$.
(/usr/local/texlive/2012/texmf-dist/tex/latex/base/utf8.def) [4]
Overfull \hbox (15.17607pt too wide) in paragraph at lines 252--255
[]\T1/ptm/m/n/10 Estimates the re-spon-si-bil-i-ties $z_ij = fracpi_j cdot I_0(
y_ijpi_j cdot I_0(y_ij + (1-pi_j) cdot f_count(y_ij 
(/usr/local/texlive/2012/texmf-dist/tex/latex/base/utf8.def)
Overfull \hbox (23.85643pt too wide) in paragraph at lines 302--317
\T1/ptm/m/n/10 sity is de-fined as $f_zig(y_ij = pi_j(S_j) cdot f_0(y_ij) +(1-p
i_j (S_j))cdot f_count(y_ij;mu_i,sigma_i^2)$.
[5] (/usr/local/texlive/2012/texmf-dist/tex/latex/base/utf8.def)
Overfull \hbox (1.79694pt too wide) in paragraph at lines 354--357
[]\T1/ptm/m/n/10 This func-tion al-lows the user to take a dataset of counts an
d out-put the dataset to the user's workspace
(/usr/local/texlive/2012/texmf-dist/tex/latex/base/utf8.def) [6]
(/usr/local/texlive/2012/texmf-dist/tex/latex/base/utf8.def) [7]
(/usr/local/texlive/2012/texmf-dist/tex/latex/base/utf8.def)
Overfull \hbox (19.68633pt too wide) in paragraph at lines 461--475
[]\T1/ptm/m/n/10 Wrapper to ac-tu-ally run the Expectation-maximization al-go-r
ithm and es-ti-mate $f_count$ fits. Maximum-

Overfull \hbox (11.46663pt too wide) in paragraph at lines 461--475
\T1/ptm/m/n/10 sigma_i^2)$. The log-likelihood in this ex-tended model is: $(1-
delta_ij) log f_count(y;mu_i,sigma_i^2
[8] (/usr/local/texlive/2012/texmf-dist/tex/latex/base/utf8.def)
(/usr/local/texlive/2012/texmf-dist/tex/latex/base/utf8.def) [9]
(/usr/local/texlive/2012/texmf-dist/tex/latex/base/utf8.def) [10]
(/usr/local/texlive/2012/texmf-dist/tex/latex/base/utf8.def)
(/usr/local/texlive/2012/texmf-dist/tex/latex/base/utf8.def) [11]
(/usr/local/texlive/2012/texmf-dist/tex/latex/base/utf8.def) [12]
(/usr/local/texlive/2012/texmf-dist/tex/latex/base/utf8.def)
(/usr/local/texlive/2012/texmf-dist/tex/latex/base/utf8.def) [13]
(/usr/local/texlive/2012/texmf-dist/tex/latex/base/utf8.def) [14]
(/usr/local/texlive/2012/texmf-dist/tex/latex/base/utf8.def)
(/usr/local/texlive/2012/texmf-dist/tex/latex/base/utf8.def)
(/usr/local/texlive/2012/texmf-dist/tex/latex/base/utf8.def) [15]
(/usr/local/texlive/2012/texmf-dist/tex/latex/base/utf8.def)
Overfull \hbox (99.78088pt too wide) in paragraph at lines 955--955
 []  \T1/fi4/m/n/10 MRcoefs(obj,by=2,coef=NULL,number=10,taxa=obj$taxa,adjust.m
ethod="fdr",group=0,eff=0,output=NULL)[] 
[16] (/usr/local/texlive/2012/texmf-dist/tex/latex/base/utf8.def)
(/usr/local/texlive/2012/texmf-dist/tex/latex/base/utf8.def) [17]
Overfull \hbox (14.07855pt too wide) in paragraph at lines 1088--1089
[]\T1/ptm/m/n/10 As men-tioned above, \T1/fi4/m/n/10 MRexperiment \T1/ptm/m/n/1
0 is de-rived from the vir-tual class,\T1/fi4/m/n/10 eSet \T1/ptm/m/n/10 and th
ereby has a \T1/fi4/m/n/10 phenoData
[18] (/usr/local/texlive/2012/texmf-dist/tex/latex/base/utf8.def)
(/usr/local/texlive/2012/texmf-dist/tex/latex/base/utf8.def)
Overfull \hbox (119.78088pt too wide) in paragraph at lines 1147--1147
 []  \T1/fi4/m/n/10 MRfulltable(obj,by=2,coef=NULL,number=10,taxa=obj$taxa,adju
st.method="fdr",group=0,eff=0,output=NULL)[] 
[19] [20] (/usr/local/texlive/2012/texmf-dist/tex/latex/base/utf8.def)
Overfull \hbox (69.78088pt too wide) in paragraph at lines 1205--1205
 []  \T1/fi4/m/n/10 MRtable(obj,by=2,coef=NULL,number=10,taxa=obj$taxa,adjust.m
ethod="fdr",group=0,output=NULL)[] 
[21] (/usr/local/texlive/2012/texmf-dist/tex/latex/base/utf8.def)
Overfull \hbox (44.78088pt too wide) in paragraph at lines 1261--1261
 []\T1/fi4/m/n/10 newMRexperiment(counts, phenoData=NULL, featureData=NULL,libS
ize=NULL, normFactors=NULL)[] 
(/usr/local/texlive/2012/texmf-dist/tex/latex/base/utf8.def) [22]
(/usr/local/texlive/2012/texmf-dist/tex/latex/base/utf8.def)
Underfull \hbox (badness 1509) in paragraph at lines 1337--1337
[]\T1/ptm/m/it/10 Basic cor-re-la-tion plot func-tion for nor-mal-ized or un-no
r-mal-ized
[23] (/usr/local/texlive/2012/texmf-dist/tex/latex/base/utf8.def)
Overfull \hbox (109.78088pt too wide) in paragraph at lines 1392--1392
 []  \T1/fi4/m/n/10 plotGenus(obj, otuIndex, classIndex, norm = TRUE, no=1:leng
th(otuIndex), jitter = TRUE, factor = 1,[] 
[24]
Overfull \hbox (113.28088pt too wide) in paragraph at lines 1439--1439
 []\T1/fi4/m/n/9 plotGenus(mouseData,otuIndex,classIndex,xlab="OTU log-normaliz
ed counts",no=1:2,xaxt="n",norm=FALSE,ylab="Strep")[] 
(/usr/local/texlive/2012/texmf-dist/tex/latex/base/utf8.def)
(/usr/local/texlive/2012/texmf-dist/tex/latex/base/utf8.def) [25]
Overfull \hbox (153.78088pt too wide) in paragraph at lines 1543--1543
 []\T1/fi4/m/n/9 plotOTU(mouseData,otu=9083,classIndex,xlab="OTU log-normalized
 counts",norm=FALSE,xaxt="n",main="9083 feature abundances")[] 
(/usr/local/texlive/2012/texmf-dist/tex/latex/base/utf8.def) [26]
(/usr/local/texlive/2012/texmf-dist/tex/latex/base/utf8.def) [27]
No file Rd2.ind.
[28] (./Rd2.aux)

Package rerunfilecheck Warning: File `Rd2.out' has changed.
(rerunfilecheck)                Rerun to get outlines right
(rerunfilecheck)                or use package `bookmark'.

 )
(see the transcript file for additional information)pdfTeX warning (dest): name
{Rfn.counts} has been referenced but does not exist, replaced by a fixed one

pdfTeX warning (dest): name{Rfn.p.adjust} has been referenced but does not exis
t, replaced by a fixed one

pdfTeX warning (dest): name{Rfn.quantile} has been referenced but does not exis
t, replaced by a fixed one

{/usr/local/texlive/2012/texmf-dist/fonts/enc/dvips/base/8r.enc}{/usr/local/tex
live/2012/texmf-dist/fonts/enc/dvips/inconsolata/fi4-ec.enc}</usr/local/texlive
/2012/texmf-dist/fonts/type1/public/inconsolata/Inconsolata.pfb></usr/local/tex
live/2012/texmf-dist/fonts/type1/urw/helvetic/uhvr8a.pfb></usr/local/texlive/20
12/texmf-dist/fonts/type1/urw/times/utmb8a.pfb></usr/local/texlive/2012/texmf-d
ist/fonts/type1/urw/times/utmr8a.pfb></usr/local/texlive/2012/texmf-dist/fonts/
type1/urw/times/utmr8a.pfb></usr/local/texlive/2012/texmf-dist/fonts/type1/urw/
times/utmri8a.pfb>
Output written on Rd2.pdf (28 pages, 124165 bytes).
Transcript written on Rd2.log.
This is makeindex, version 2.15 [TeX Live 2012] (kpathsea + Thai support).
Scanning input file ./Rd2.idx....done (108 entries accepted, 1 rejected).
Sorting entries....done (775 comparisons).
Generating output file ./Rd2.ind....done (137 lines written, 1 warning).
Output written in ./Rd2.ind.
Transcript written in ./Rd2.ilg.
This is pdfTeX, Version 3.1415926-2.4-1.40.13 (TeX Live 2012)
 restricted \write18 enabled.
entering extended mode

(/private/var/folders/0w/wby94xrj6b972l6lmm9_nxb00000gn/T/RtmpZFVJbb/Rd2pdf80ec
9b7b7a5/Rd2.tex
LaTeX2e <2011/06/27>
Babel <v3.8m> and hyphenation patterns for english, dumylang, nohyphenation, ge
rman-x-2012-05-30, ngerman-x-2012-05-30, afrikaans, ancientgreek, ibycus, arabi
c, armenian, basque, bulgarian, catalan, pinyin, coptic, croatian, czech, danis
h, dutch, ukenglish, usenglishmax, esperanto, estonian, ethiopic, farsi, finnis
h, french, friulan, galician, german, ngerman, swissgerman, monogreek, greek, h
ungarian, icelandic, assamese, bengali, gujarati, hindi, kannada, malayalam, ma
rathi, oriya, panjabi, tamil, telugu, indonesian, interlingua, irish, italian, 
kurmanji, latin, latvian, lithuanian, mongolian, mongolianlmc, bokmal, nynorsk,
 polish, portuguese, romanian, romansh, russian, sanskrit, serbian, serbianc, s
lovak, slovenian, spanish, swedish, turkish, turkmen, ukrainian, uppersorbian, 
welsh, loaded.

(/usr/local/texlive/2012/texmf-dist/tex/latex/base/book.cls
Document Class: book 2007/10/19 v1.4h Standard LaTeX document class
(/usr/local/texlive/2012/texmf-dist/tex/latex/base/bk10.clo))
(/Library/Frameworks/R.framework/Resources/share/texmf/tex/latex/Rd.sty
(/usr/local/texlive/2012/texmf-dist/tex/latex/base/ifthen.sty)
(/usr/local/texlive/2012/texmf-dist/tex/latex/tools/longtable.sty)
(/usr/local/texlive/2012/texmf-dist/tex/latex/tools/bm.sty)
(/usr/local/texlive/2012/texmf-dist/tex/latex/base/alltt.sty)
(/usr/local/texlive/2012/texmf-dist/tex/latex/tools/verbatim.sty)
(/usr/local/texlive/2012/texmf-dist/tex/latex/url/url.sty) NOT loading ae
(/usr/local/texlive/2012/texmf-dist/tex/latex/base/fontenc.sty
(/usr/local/texlive/2012/texmf-dist/tex/latex/base/t1enc.def))
(/usr/local/texlive/2012/texmf-dist/tex/latex/psnfss/times.sty)
NOT loading lmodern
(/usr/local/texlive/2012/texmf-dist/tex/latex/inconsolata/inconsolata.sty
(/usr/local/texlive/2012/texmf-dist/tex/latex/base/textcomp.sty
(/usr/local/texlive/2012/texmf-dist/tex/latex/base/ts1enc.def))
(/usr/local/texlive/2012/texmf-dist/tex/latex/graphics/keyval.sty))
(/usr/local/texlive/2012/texmf-dist/tex/latex/graphics/color.sty
(/usr/local/texlive/2012/texmf-dist/tex/latex/latexconfig/color.cfg)
(/usr/local/texlive/2012/texmf-dist/tex/latex/pdftex-def/pdftex.def
(/usr/local/texlive/2012/texmf-dist/tex/generic/oberdiek/infwarerr.sty)
(/usr/local/texlive/2012/texmf-dist/tex/generic/oberdiek/ltxcmds.sty)))
(/usr/local/texlive/2012/texmf-dist/tex/latex/hyperref/hyperref.sty
(/usr/local/texlive/2012/texmf-dist/tex/generic/oberdiek/hobsub-hyperref.sty
(/usr/local/texlive/2012/texmf-dist/tex/generic/oberdiek/hobsub-generic.sty))
(/usr/local/texlive/2012/texmf-dist/tex/generic/ifxetex/ifxetex.sty)
(/usr/local/texlive/2012/texmf-dist/tex/latex/oberdiek/kvoptions.sty)
(/usr/local/texlive/2012/texmf-dist/tex/latex/hyperref/pd1enc.def)
(/usr/local/texlive/2012/texmf-dist/tex/latex/latexconfig/hyperref.cfg))

Package hyperref Message: Driver (autodetected): hpdftex.

(/usr/local/texlive/2012/texmf-dist/tex/latex/hyperref/hpdftex.def
(/usr/local/texlive/2012/texmf-dist/tex/latex/oberdiek/rerunfilecheck.sty))

Package hyperref Warning: Option `hyperindex' has already been used,
(hyperref)                setting the option has no effect on input line 356.


Package hyperref Warning: Option `pagebackref' has already been used,
(hyperref)                setting the option has no effect on input line 356.

) (/usr/local/texlive/2012/texmf-dist/tex/latex/base/makeidx.sty)
(/usr/local/texlive/2012/texmf-dist/tex/latex/base/inputenc.sty
(/usr/local/texlive/2012/texmf-dist/tex/latex/base/utf8.def
(/usr/local/texlive/2012/texmf-dist/tex/latex/base/t1enc.dfu)
(/usr/local/texlive/2012/texmf-dist/tex/latex/base/ot1enc.dfu)
(/usr/local/texlive/2012/texmf-dist/tex/latex/base/omsenc.dfu)
(/usr/local/texlive/2012/texmf-dist/tex/latex/base/ts1enc.dfu))
(/usr/local/texlive/2012/texmf-dist/tex/latex/base/latin1.def))
Writing index file Rd2.idx
(./Rd2.aux) (/usr/local/texlive/2012/texmf-dist/tex/latex/base/ts1cmr.fd)
(/usr/local/texlive/2012/texmf-dist/tex/latex/psnfss/t1ptm.fd)
(/usr/local/texlive/2012/texmf-dist/tex/context/base/supp-pdf.mkii
[Loading MPS to PDF converter (version 2006.09.02).]
) (/usr/local/texlive/2012/texmf-dist/tex/latex/hyperref/nameref.sty
(/usr/local/texlive/2012/texmf-dist/tex/generic/oberdiek/gettitlestring.sty))
(./Rd2.out) (./Rd2.out)
(/usr/local/texlive/2012/texmf-dist/tex/latex/inconsolata/t1fi4.fd)
Overfull \hbox (1452.92416pt too wide) in paragraph at lines 38--39
\T1/ptm/m/n/10 'zigControl.R' 'cumNorm.R' 'plotOTU.R''fitZig.R' 'doCountMStep.R
' 'doZeroMStep.R''doEStep.R' 'getZ.R' 'getPi.R' 'getCountDensity.R''getNegative
LogLikelihoods.R' 'isItStillActive.R''getEpsilon.R' 'load_meta.R' 'load_phenoDa
ta.R''exportMat.R' 'exportStats.R' 'cumNormStat.R''plotGenus.R' 'aggregateM.R' 
'cumNormMat.R''load_metaQ.R' 'allClasses.R' 'MRtable.R''MRcoefs.R' 'plotMRheatm
ap.R' 'plotCorr.R''MRfisher.R' 'MRfulltable.R'  
(/usr/local/texlive/2012/texmf-dist/tex/latex/psnfss/t1phv.fd) (./Rd2.toc
[1{/usr/local/texlive/2012/texmf-var/fonts/map/pdftex/updmap/pdftex.map}])
(/usr/local/texlive/2012/texmf-dist/tex/latex/base/utf8.def)
(/usr/local/texlive/2012/texmf-dist/tex/latex/base/utf8.def) [2]
(/usr/local/texlive/2012/texmf-dist/tex/latex/base/utf8.def) [3]
(/usr/local/texlive/2012/texmf-dist/tex/latex/base/utf8.def)
(/usr/local/texlive/2012/texmf-dist/tex/latex/base/utf8.def) [4]
Overfull \hbox (55.3563pt too wide) in paragraph at lines 225--237
\T1/ptm/m/n/10 ables. The den-sity is de-fined as $f_zig(y_ij = pi_j(S_j)*f_0(y
_ij) +(1-pi_j (S_j)) * f_count(y_ij;mu_i,sigma_i^2)$.
(/usr/local/texlive/2012/texmf-dist/tex/latex/base/utf8.def)
Overfull \hbox (15.17607pt too wide) in paragraph at lines 252--255
[]\T1/ptm/m/n/10 Estimates the re-spon-si-bil-i-ties $z_ij = fracpi_j cdot I_0(
y_ijpi_j cdot I_0(y_ij + (1-pi_j) cdot f_count(y_ij 
[5] (/usr/local/texlive/2012/texmf-dist/tex/latex/base/utf8.def)
Overfull \hbox (23.85643pt too wide) in paragraph at lines 302--317
\T1/ptm/m/n/10 sity is de-fined as $f_zig(y_ij = pi_j(S_j) cdot f_0(y_ij) +(1-p
i_j (S_j))cdot f_count(y_ij;mu_i,sigma_i^2)$.
[6] (/usr/local/texlive/2012/texmf-dist/tex/latex/base/utf8.def)
Overfull \hbox (1.79694pt too wide) in paragraph at lines 354--357
[]\T1/ptm/m/n/10 This func-tion al-lows the user to take a dataset of counts an
d out-put the dataset to the user's workspace
(/usr/local/texlive/2012/texmf-dist/tex/latex/base/utf8.def) [7]
(/usr/local/texlive/2012/texmf-dist/tex/latex/base/utf8.def) [8]
(/usr/local/texlive/2012/texmf-dist/tex/latex/base/utf8.def)
Overfull \hbox (19.68633pt too wide) in paragraph at lines 461--475
[]\T1/ptm/m/n/10 Wrapper to ac-tu-ally run the Expectation-maximization al-go-r
ithm and es-ti-mate $f_count$ fits. Maximum-

Overfull \hbox (11.46663pt too wide) in paragraph at lines 461--475
\T1/ptm/m/n/10 sigma_i^2)$. The log-likelihood in this ex-tended model is: $(1-
delta_ij) log f_count(y;mu_i,sigma_i^2
[9] (/usr/local/texlive/2012/texmf-dist/tex/latex/base/utf8.def)
(/usr/local/texlive/2012/texmf-dist/tex/latex/base/utf8.def) [10]
(/usr/local/texlive/2012/texmf-dist/tex/latex/base/utf8.def) [11]
(/usr/local/texlive/2012/texmf-dist/tex/latex/base/utf8.def)
(/usr/local/texlive/2012/texmf-dist/tex/latex/base/utf8.def) [12]
(/usr/local/texlive/2012/texmf-dist/tex/latex/base/utf8.def) [13]
(/usr/local/texlive/2012/texmf-dist/tex/latex/base/utf8.def)
(/usr/local/texlive/2012/texmf-dist/tex/latex/base/utf8.def) [14]
(/usr/local/texlive/2012/texmf-dist/tex/latex/base/utf8.def) [15]
(/usr/local/texlive/2012/texmf-dist/tex/latex/base/utf8.def)
(/usr/local/texlive/2012/texmf-dist/tex/latex/base/utf8.def)
(/usr/local/texlive/2012/texmf-dist/tex/latex/base/utf8.def) [16]
(/usr/local/texlive/2012/texmf-dist/tex/latex/base/utf8.def)
Overfull \hbox (99.78088pt too wide) in paragraph at lines 955--955
 []  \T1/fi4/m/n/10 MRcoefs(obj,by=2,coef=NULL,number=10,taxa=obj$taxa,adjust.m
ethod="fdr",group=0,eff=0,output=NULL)[] 
[17] (/usr/local/texlive/2012/texmf-dist/tex/latex/base/utf8.def)
(/usr/local/texlive/2012/texmf-dist/tex/latex/base/utf8.def) [18]
Overfull \hbox (14.07855pt too wide) in paragraph at lines 1088--1089
[]\T1/ptm/m/n/10 As men-tioned above, \T1/fi4/m/n/10 MRexperiment \T1/ptm/m/n/1
0 is de-rived from the vir-tual class,\T1/fi4/m/n/10 eSet \T1/ptm/m/n/10 and th
ereby has a \T1/fi4/m/n/10 phenoData
[19] (/usr/local/texlive/2012/texmf-dist/tex/latex/base/utf8.def)
(/usr/local/texlive/2012/texmf-dist/tex/latex/base/utf8.def)
Overfull \hbox (119.78088pt too wide) in paragraph at lines 1147--1147
 []  \T1/fi4/m/n/10 MRfulltable(obj,by=2,coef=NULL,number=10,taxa=obj$taxa,adju
st.method="fdr",group=0,eff=0,output=NULL)[] 
[20] [21] (/usr/local/texlive/2012/texmf-dist/tex/latex/base/utf8.def)
Overfull \hbox (69.78088pt too wide) in paragraph at lines 1205--1205
 []  \T1/fi4/m/n/10 MRtable(obj,by=2,coef=NULL,number=10,taxa=obj$taxa,adjust.m
ethod="fdr",group=0,output=NULL)[] 
[22] (/usr/local/texlive/2012/texmf-dist/tex/latex/base/utf8.def)
Overfull \hbox (44.78088pt too wide) in paragraph at lines 1261--1261
 []\T1/fi4/m/n/10 newMRexperiment(counts, phenoData=NULL, featureData=NULL,libS
ize=NULL, normFactors=NULL)[] 
(/usr/local/texlive/2012/texmf-dist/tex/latex/base/utf8.def) [23]
(/usr/local/texlive/2012/texmf-dist/tex/latex/base/utf8.def)
Underfull \hbox (badness 1509) in paragraph at lines 1337--1337
[]\T1/ptm/m/it/10 Basic cor-re-la-tion plot func-tion for nor-mal-ized or un-no
r-mal-ized
[24] (/usr/local/texlive/2012/texmf-dist/tex/latex/base/utf8.def)
Overfull \hbox (109.78088pt too wide) in paragraph at lines 1392--1392
 []  \T1/fi4/m/n/10 plotGenus(obj, otuIndex, classIndex, norm = TRUE, no=1:leng
th(otuIndex), jitter = TRUE, factor = 1,[] 
[25]
Overfull \hbox (113.28088pt too wide) in paragraph at lines 1439--1439
 []\T1/fi4/m/n/9 plotGenus(mouseData,otuIndex,classIndex,xlab="OTU log-normaliz
ed counts",no=1:2,xaxt="n",norm=FALSE,ylab="Strep")[] 
(/usr/local/texlive/2012/texmf-dist/tex/latex/base/utf8.def)
(/usr/local/texlive/2012/texmf-dist/tex/latex/base/utf8.def) [26]
Overfull \hbox (153.78088pt too wide) in paragraph at lines 1543--1543
 []\T1/fi4/m/n/9 plotOTU(mouseData,otu=9083,classIndex,xlab="OTU log-normalized
 counts",norm=FALSE,xaxt="n",main="9083 feature abundances")[] 
(/usr/local/texlive/2012/texmf-dist/tex/latex/base/utf8.def) [27]
(/usr/local/texlive/2012/texmf-dist/tex/latex/base/utf8.def) [28] (./Rd2.ind
[29]

LaTeX Font Warning: Font shape `T1/fi4/m/it' undefined
(Font)              using `T1/fi4/m/n' instead on input line 3.

[30]) (./Rd2.aux)

Package rerunfilecheck Warning: File `Rd2.out' has changed.
(rerunfilecheck)                Rerun to get outlines right
(rerunfilecheck)                or use package `bookmark'.


LaTeX Font Warning: Some font shapes were not available, defaults substituted.

 )
(see the transcript file for additional information)pdfTeX warning (dest): name
{Rfn.counts} has been referenced but does not exist, replaced by a fixed one

pdfTeX warning (dest): name{Rfn.p.adjust} has been referenced but does not exis
t, replaced by a fixed one

pdfTeX warning (dest): name{Rfn.quantile} has been referenced but does not exis
t, replaced by a fixed one

{/usr/local/texlive/2012/texmf-dist/fonts/enc/dvips/base/8r.enc}{/usr/local/tex
live/2012/texmf-dist/fonts/enc/dvips/inconsolata/fi4-ec.enc}</usr/local/texlive
/2012/texmf-dist/fonts/type1/public/inconsolata/Inconsolata.pfb></usr/local/tex
live/2012/texmf-dist/fonts/type1/urw/helvetic/uhvr8a.pfb></usr/local/texlive/20
12/texmf-dist/fonts/type1/urw/times/utmb8a.pfb></usr/local/texlive/2012/texmf-d
ist/fonts/type1/urw/times/utmr8a.pfb></usr/local/texlive/2012/texmf-dist/fonts/
type1/urw/times/utmr8a.pfb></usr/local/texlive/2012/texmf-dist/fonts/type1/urw/
times/utmri8a.pfb>
Output written on Rd2.pdf (30 pages, 133203 bytes).
Transcript written on Rd2.log.
This is makeindex, version 2.15 [TeX Live 2012] (kpathsea + Thai support).
Scanning input file ./Rd2.idx....done (108 entries accepted, 1 rejected).
Sorting entries....done (778 comparisons).
Generating output file ./Rd2.ind....done (137 lines written, 1 warning).
Output written in ./Rd2.ind.
Transcript written in ./Rd2.ilg.
This is pdfTeX, Version 3.1415926-2.4-1.40.13 (TeX Live 2012)
 restricted \write18 enabled.
entering extended mode

(/private/var/folders/0w/wby94xrj6b972l6lmm9_nxb00000gn/T/RtmpZFVJbb/Rd2pdf80ec
9b7b7a5/Rd2.tex
LaTeX2e <2011/06/27>
Babel <v3.8m> and hyphenation patterns for english, dumylang, nohyphenation, ge
rman-x-2012-05-30, ngerman-x-2012-05-30, afrikaans, ancientgreek, ibycus, arabi
c, armenian, basque, bulgarian, catalan, pinyin, coptic, croatian, czech, danis
h, dutch, ukenglish, usenglishmax, esperanto, estonian, ethiopic, farsi, finnis
h, french, friulan, galician, german, ngerman, swissgerman, monogreek, greek, h
ungarian, icelandic, assamese, bengali, gujarati, hindi, kannada, malayalam, ma
rathi, oriya, panjabi, tamil, telugu, indonesian, interlingua, irish, italian, 
kurmanji, latin, latvian, lithuanian, mongolian, mongolianlmc, bokmal, nynorsk,
 polish, portuguese, romanian, romansh, russian, sanskrit, serbian, serbianc, s
lovak, slovenian, spanish, swedish, turkish, turkmen, ukrainian, uppersorbian, 
welsh, loaded.

(/usr/local/texlive/2012/texmf-dist/tex/latex/base/book.cls
Document Class: book 2007/10/19 v1.4h Standard LaTeX document class
(/usr/local/texlive/2012/texmf-dist/tex/latex/base/bk10.clo))
(/Library/Frameworks/R.framework/Resources/share/texmf/tex/latex/Rd.sty
(/usr/local/texlive/2012/texmf-dist/tex/latex/base/ifthen.sty)
(/usr/local/texlive/2012/texmf-dist/tex/latex/tools/longtable.sty)
(/usr/local/texlive/2012/texmf-dist/tex/latex/tools/bm.sty)
(/usr/local/texlive/2012/texmf-dist/tex/latex/base/alltt.sty)
(/usr/local/texlive/2012/texmf-dist/tex/latex/tools/verbatim.sty)
(/usr/local/texlive/2012/texmf-dist/tex/latex/url/url.sty) NOT loading ae
(/usr/local/texlive/2012/texmf-dist/tex/latex/base/fontenc.sty
(/usr/local/texlive/2012/texmf-dist/tex/latex/base/t1enc.def))
(/usr/local/texlive/2012/texmf-dist/tex/latex/psnfss/times.sty)
NOT loading lmodern
(/usr/local/texlive/2012/texmf-dist/tex/latex/inconsolata/inconsolata.sty
(/usr/local/texlive/2012/texmf-dist/tex/latex/base/textcomp.sty
(/usr/local/texlive/2012/texmf-dist/tex/latex/base/ts1enc.def))
(/usr/local/texlive/2012/texmf-dist/tex/latex/graphics/keyval.sty))
(/usr/local/texlive/2012/texmf-dist/tex/latex/graphics/color.sty
(/usr/local/texlive/2012/texmf-dist/tex/latex/latexconfig/color.cfg)
(/usr/local/texlive/2012/texmf-dist/tex/latex/pdftex-def/pdftex.def
(/usr/local/texlive/2012/texmf-dist/tex/generic/oberdiek/infwarerr.sty)
(/usr/local/texlive/2012/texmf-dist/tex/generic/oberdiek/ltxcmds.sty)))
(/usr/local/texlive/2012/texmf-dist/tex/latex/hyperref/hyperref.sty
(/usr/local/texlive/2012/texmf-dist/tex/generic/oberdiek/hobsub-hyperref.sty
(/usr/local/texlive/2012/texmf-dist/tex/generic/oberdiek/hobsub-generic.sty))
(/usr/local/texlive/2012/texmf-dist/tex/generic/ifxetex/ifxetex.sty)
(/usr/local/texlive/2012/texmf-dist/tex/latex/oberdiek/kvoptions.sty)
(/usr/local/texlive/2012/texmf-dist/tex/latex/hyperref/pd1enc.def)
(/usr/local/texlive/2012/texmf-dist/tex/latex/latexconfig/hyperref.cfg))

Package hyperref Message: Driver (autodetected): hpdftex.

(/usr/local/texlive/2012/texmf-dist/tex/latex/hyperref/hpdftex.def
(/usr/local/texlive/2012/texmf-dist/tex/latex/oberdiek/rerunfilecheck.sty))

Package hyperref Warning: Option `hyperindex' has already been used,
(hyperref)                setting the option has no effect on input line 356.


Package hyperref Warning: Option `pagebackref' has already been used,
(hyperref)                setting the option has no effect on input line 356.

) (/usr/local/texlive/2012/texmf-dist/tex/latex/base/makeidx.sty)
(/usr/local/texlive/2012/texmf-dist/tex/latex/base/inputenc.sty
(/usr/local/texlive/2012/texmf-dist/tex/latex/base/utf8.def
(/usr/local/texlive/2012/texmf-dist/tex/latex/base/t1enc.dfu)
(/usr/local/texlive/2012/texmf-dist/tex/latex/base/ot1enc.dfu)
(/usr/local/texlive/2012/texmf-dist/tex/latex/base/omsenc.dfu)
(/usr/local/texlive/2012/texmf-dist/tex/latex/base/ts1enc.dfu))
(/usr/local/texlive/2012/texmf-dist/tex/latex/base/latin1.def))
Writing index file Rd2.idx
(./Rd2.aux) (/usr/local/texlive/2012/texmf-dist/tex/latex/base/ts1cmr.fd)
(/usr/local/texlive/2012/texmf-dist/tex/latex/psnfss/t1ptm.fd)
(/usr/local/texlive/2012/texmf-dist/tex/context/base/supp-pdf.mkii
[Loading MPS to PDF converter (version 2006.09.02).]
) (/usr/local/texlive/2012/texmf-dist/tex/latex/hyperref/nameref.sty
(/usr/local/texlive/2012/texmf-dist/tex/generic/oberdiek/gettitlestring.sty))
(./Rd2.out) (./Rd2.out)
(/usr/local/texlive/2012/texmf-dist/tex/latex/inconsolata/t1fi4.fd)
Overfull \hbox (1452.92416pt too wide) in paragraph at lines 38--39
\T1/ptm/m/n/10 'zigControl.R' 'cumNorm.R' 'plotOTU.R''fitZig.R' 'doCountMStep.R
' 'doZeroMStep.R''doEStep.R' 'getZ.R' 'getPi.R' 'getCountDensity.R''getNegative
LogLikelihoods.R' 'isItStillActive.R''getEpsilon.R' 'load_meta.R' 'load_phenoDa
ta.R''exportMat.R' 'exportStats.R' 'cumNormStat.R''plotGenus.R' 'aggregateM.R' 
'cumNormMat.R''load_metaQ.R' 'allClasses.R' 'MRtable.R''MRcoefs.R' 'plotMRheatm
ap.R' 'plotCorr.R''MRfisher.R' 'MRfulltable.R'  
(/usr/local/texlive/2012/texmf-dist/tex/latex/psnfss/t1phv.fd) (./Rd2.toc
[1{/usr/local/texlive/2012/texmf-var/fonts/map/pdftex/updmap/pdftex.map}])
(/usr/local/texlive/2012/texmf-dist/tex/latex/base/utf8.def)
(/usr/local/texlive/2012/texmf-dist/tex/latex/base/utf8.def) [2]
(/usr/local/texlive/2012/texmf-dist/tex/latex/base/utf8.def) [3]
(/usr/local/texlive/2012/texmf-dist/tex/latex/base/utf8.def)
(/usr/local/texlive/2012/texmf-dist/tex/latex/base/utf8.def) [4]
Overfull \hbox (55.3563pt too wide) in paragraph at lines 225--237
\T1/ptm/m/n/10 ables. The den-sity is de-fined as $f_zig(y_ij = pi_j(S_j)*f_0(y
_ij) +(1-pi_j (S_j)) * f_count(y_ij;mu_i,sigma_i^2)$.
(/usr/local/texlive/2012/texmf-dist/tex/latex/base/utf8.def)
Overfull \hbox (15.17607pt too wide) in paragraph at lines 252--255
[]\T1/ptm/m/n/10 Estimates the re-spon-si-bil-i-ties $z_ij = fracpi_j cdot I_0(
y_ijpi_j cdot I_0(y_ij + (1-pi_j) cdot f_count(y_ij 
[5] (/usr/local/texlive/2012/texmf-dist/tex/latex/base/utf8.def)
Overfull \hbox (23.85643pt too wide) in paragraph at lines 302--317
\T1/ptm/m/n/10 sity is de-fined as $f_zig(y_ij = pi_j(S_j) cdot f_0(y_ij) +(1-p
i_j (S_j))cdot f_count(y_ij;mu_i,sigma_i^2)$.
[6] (/usr/local/texlive/2012/texmf-dist/tex/latex/base/utf8.def)
Overfull \hbox (1.79694pt too wide) in paragraph at lines 354--357
[]\T1/ptm/m/n/10 This func-tion al-lows the user to take a dataset of counts an
d out-put the dataset to the user's workspace
(/usr/local/texlive/2012/texmf-dist/tex/latex/base/utf8.def) [7]
(/usr/local/texlive/2012/texmf-dist/tex/latex/base/utf8.def) [8]
(/usr/local/texlive/2012/texmf-dist/tex/latex/base/utf8.def)
Overfull \hbox (19.68633pt too wide) in paragraph at lines 461--475
[]\T1/ptm/m/n/10 Wrapper to ac-tu-ally run the Expectation-maximization al-go-r
ithm and es-ti-mate $f_count$ fits. Maximum-

Overfull \hbox (11.46663pt too wide) in paragraph at lines 461--475
\T1/ptm/m/n/10 sigma_i^2)$. The log-likelihood in this ex-tended model is: $(1-
delta_ij) log f_count(y;mu_i,sigma_i^2
[9] (/usr/local/texlive/2012/texmf-dist/tex/latex/base/utf8.def)
(/usr/local/texlive/2012/texmf-dist/tex/latex/base/utf8.def) [10]
(/usr/local/texlive/2012/texmf-dist/tex/latex/base/utf8.def) [11]
(/usr/local/texlive/2012/texmf-dist/tex/latex/base/utf8.def)
(/usr/local/texlive/2012/texmf-dist/tex/latex/base/utf8.def) [12]
(/usr/local/texlive/2012/texmf-dist/tex/latex/base/utf8.def) [13]
(/usr/local/texlive/2012/texmf-dist/tex/latex/base/utf8.def)
(/usr/local/texlive/2012/texmf-dist/tex/latex/base/utf8.def) [14]
(/usr/local/texlive/2012/texmf-dist/tex/latex/base/utf8.def) [15]
(/usr/local/texlive/2012/texmf-dist/tex/latex/base/utf8.def)
(/usr/local/texlive/2012/texmf-dist/tex/latex/base/utf8.def)
(/usr/local/texlive/2012/texmf-dist/tex/latex/base/utf8.def) [16]
(/usr/local/texlive/2012/texmf-dist/tex/latex/base/utf8.def)
Overfull \hbox (99.78088pt too wide) in paragraph at lines 955--955
 []  \T1/fi4/m/n/10 MRcoefs(obj,by=2,coef=NULL,number=10,taxa=obj$taxa,adjust.m
ethod="fdr",group=0,eff=0,output=NULL)[] 
[17] (/usr/local/texlive/2012/texmf-dist/tex/latex/base/utf8.def)
(/usr/local/texlive/2012/texmf-dist/tex/latex/base/utf8.def) [18]
Overfull \hbox (14.07855pt too wide) in paragraph at lines 1088--1089
[]\T1/ptm/m/n/10 As men-tioned above, \T1/fi4/m/n/10 MRexperiment \T1/ptm/m/n/1
0 is de-rived from the vir-tual class,\T1/fi4/m/n/10 eSet \T1/ptm/m/n/10 and th
ereby has a \T1/fi4/m/n/10 phenoData
[19] (/usr/local/texlive/2012/texmf-dist/tex/latex/base/utf8.def)
(/usr/local/texlive/2012/texmf-dist/tex/latex/base/utf8.def)
Overfull \hbox (119.78088pt too wide) in paragraph at lines 1147--1147
 []  \T1/fi4/m/n/10 MRfulltable(obj,by=2,coef=NULL,number=10,taxa=obj$taxa,adju
st.method="fdr",group=0,eff=0,output=NULL)[] 
[20] [21] (/usr/local/texlive/2012/texmf-dist/tex/latex/base/utf8.def)
Overfull \hbox (69.78088pt too wide) in paragraph at lines 1205--1205
 []  \T1/fi4/m/n/10 MRtable(obj,by=2,coef=NULL,number=10,taxa=obj$taxa,adjust.m
ethod="fdr",group=0,output=NULL)[] 
[22] (/usr/local/texlive/2012/texmf-dist/tex/latex/base/utf8.def)
Overfull \hbox (44.78088pt too wide) in paragraph at lines 1261--1261
 []\T1/fi4/m/n/10 newMRexperiment(counts, phenoData=NULL, featureData=NULL,libS
ize=NULL, normFactors=NULL)[] 
(/usr/local/texlive/2012/texmf-dist/tex/latex/base/utf8.def) [23]
(/usr/local/texlive/2012/texmf-dist/tex/latex/base/utf8.def)
Underfull \hbox (badness 1509) in paragraph at lines 1337--1337
[]\T1/ptm/m/it/10 Basic cor-re-la-tion plot func-tion for nor-mal-ized or un-no
r-mal-ized
[24] (/usr/local/texlive/2012/texmf-dist/tex/latex/base/utf8.def)
Overfull \hbox (109.78088pt too wide) in paragraph at lines 1392--1392
 []  \T1/fi4/m/n/10 plotGenus(obj, otuIndex, classIndex, norm = TRUE, no=1:leng
th(otuIndex), jitter = TRUE, factor = 1,[] 
[25]
Overfull \hbox (113.28088pt too wide) in paragraph at lines 1439--1439
 []\T1/fi4/m/n/9 plotGenus(mouseData,otuIndex,classIndex,xlab="OTU log-normaliz
ed counts",no=1:2,xaxt="n",norm=FALSE,ylab="Strep")[] 
(/usr/local/texlive/2012/texmf-dist/tex/latex/base/utf8.def)
(/usr/local/texlive/2012/texmf-dist/tex/latex/base/utf8.def) [26]
Overfull \hbox (153.78088pt too wide) in paragraph at lines 1543--1543
 []\T1/fi4/m/n/9 plotOTU(mouseData,otu=9083,classIndex,xlab="OTU log-normalized
 counts",norm=FALSE,xaxt="n",main="9083 feature abundances")[] 
(/usr/local/texlive/2012/texmf-dist/tex/latex/base/utf8.def) [27]
(/usr/local/texlive/2012/texmf-dist/tex/latex/base/utf8.def) [28] (./Rd2.ind
[29]

LaTeX Font Warning: Font shape `T1/fi4/m/it' undefined
(Font)              using `T1/fi4/m/n' instead on input line 3.

[30]) (./Rd2.aux)

LaTeX Font Warning: Some font shapes were not available, defaults substituted.

 )
(see the transcript file for additional information)pdfTeX warning (dest): name
{Rfn.counts} has been referenced but does not exist, replaced by a fixed one

pdfTeX warning (dest): name{Rfn.p.adjust} has been referenced but does not exis
t, replaced by a fixed one

pdfTeX warning (dest): name{Rfn.quantile} has been referenced but does not exis
t, replaced by a fixed one

{/usr/local/texlive/2012/texmf-dist/fonts/enc/dvips/base/8r.enc}{/usr/local/tex
live/2012/texmf-dist/fonts/enc/dvips/inconsolata/fi4-ec.enc}</usr/local/texlive
/2012/texmf-dist/fonts/type1/public/inconsolata/Inconsolata.pfb></usr/local/tex
live/2012/texmf-dist/fonts/type1/urw/helvetic/uhvr8a.pfb></usr/local/texlive/20
12/texmf-dist/fonts/type1/urw/times/utmb8a.pfb></usr/local/texlive/2012/texmf-d
ist/fonts/type1/urw/times/utmr8a.pfb></usr/local/texlive/2012/texmf-dist/fonts/
type1/urw/times/utmr8a.pfb></usr/local/texlive/2012/texmf-dist/fonts/type1/urw/
times/utmri8a.pfb>
Output written on Rd2.pdf (30 pages, 133970 bytes).
Transcript written on Rd2.log.
Saving output to 'metagenomeSeq-manual.pdf' ...
Done
You may want to clean up by 'rm -rf /var/folders/0w/wby94xrj6b972l6lmm9_nxb00000gn/T//RtmpZFVJbb/Rd2pdf80ec9b7b7a5'
